[05:35:39] [main/INFO]: Using mbed TLS based native cipher.
[05:35:39] [main/INFO]: Using zlib based native compressor.
[05:35:39] [main/INFO]: Enabled Waterfall version git:Waterfall-Bootstrap:1.19-R0.1-SNAPSHOT:f6069e2:513
[05:35:39] [main/INFO]: Not on Windows, attempting to use enhanced EpollEventLoop
[05:35:39] [main/INFO]: Epoll is working, utilising it!
[05:35:40] [main/INFO]: Discovered module: ModuleSpec(name=cmd_alert, file=modules/cmd_alert.jar, provider=JenkinsModuleSource())
[05:35:40] [main/INFO]: Discovered module: ModuleSpec(name=cmd_find, file=modules/cmd_find.jar, provider=JenkinsModuleSource())
[05:35:40] [main/INFO]: Discovered module: ModuleSpec(name=cmd_list, file=modules/cmd_list.jar, provider=JenkinsModuleSource())
[05:35:40] [main/INFO]: Discovered module: ModuleSpec(name=cmd_send, file=modules/cmd_send.jar, provider=JenkinsModuleSource())
[05:35:40] [main/INFO]: Discovered module: ModuleSpec(name=cmd_server, file=modules/cmd_server.jar, provider=JenkinsModuleSource())
[05:35:40] [main/INFO]: Discovered module: ModuleSpec(name=reconnect_yaml, file=modules/reconnect_yaml.jar, provider=JenkinsModuleSource())
[05:35:40] [main/INFO]: Attempting to update plugin from null to ModuleVersion(build=513, git=f6069e2)
[05:35:40] [main/INFO]: Attempting to Jenkins download module cmd_alert v513
[05:35:40] [main/INFO]: Download complete
[05:35:40] [main/INFO]: Attempting to update plugin from null to ModuleVersion(build=513, git=f6069e2)
[05:35:40] [main/INFO]: Attempting to Jenkins download module cmd_find v513
[05:35:40] [main/INFO]: Download complete
[05:35:40] [main/INFO]: Attempting to update plugin from null to ModuleVersion(build=513, git=f6069e2)
[05:35:40] [main/INFO]: Attempting to Jenkins download module cmd_list v513
[05:35:40] [main/INFO]: Download complete
[05:35:40] [main/INFO]: Attempting to update plugin from null to ModuleVersion(build=513, git=f6069e2)
[05:35:40] [main/INFO]: Attempting to Jenkins download module cmd_send v513
[05:35:40] [main/INFO]: Download complete
[05:35:40] [main/INFO]: Attempting to update plugin from null to ModuleVersion(build=513, git=f6069e2)
[05:35:40] [main/INFO]: Attempting to Jenkins download module cmd_server v513
[05:35:40] [main/INFO]: Download complete
[05:35:40] [main/INFO]: Attempting to update plugin from null to ModuleVersion(build=513, git=f6069e2)
[05:35:40] [main/INFO]: Attempting to Jenkins download module reconnect_yaml v513
[05:35:40] [main/INFO]: Download complete
[05:35:41] [main/INFO]: Loaded plugin reconnect_yaml version git:reconnect_yaml:1.19-R0.1-SNAPSHOT:f6069e2:513 by WaterfallMC
[05:35:41] [main/INFO]: Loaded plugin cmd_find version git:cmd_find:1.19-R0.1-SNAPSHOT:f6069e2:513 by WaterfallMC
[05:35:41] [main/INFO]: Loaded plugin cmd_server version git:cmd_server:1.19-R0.1-SNAPSHOT:f6069e2:513 by WaterfallMC
[05:35:41] [main/INFO]: Loaded plugin cmd_alert version git:cmd_alert:1.19-R0.1-SNAPSHOT:f6069e2:513 by WaterfallMC
[05:35:41] [main/INFO]: Loaded plugin cmd_send version git:cmd_send:1.19-R0.1-SNAPSHOT:f6069e2:513 by WaterfallMC
[05:35:41] [main/INFO]: Loaded plugin cmd_list version git:cmd_list:1.19-R0.1-SNAPSHOT:f6069e2:513 by WaterfallMC
[05:35:41] [main/WARN]: :>:>:>:>:>:>:>:>:>:>:>:>:>:>:>:>:>:>:>:>:>:>:>
[05:35:41] [main/WARN]: :>  
[05:35:41] [main/WARN]: :>      EAGLERCRAFTXBUNGEE WARNING:
[05:35:41] [main/WARN]: :>  
[05:35:41] [main/WARN]: :>  This plugin wasn't tested to be 'working'
[05:35:41] [main/WARN]: :>  with ANY version of BungeeCord (and forks)
[05:35:41] [main/WARN]: :>  apart from the versions listed below:
[05:35:41] [main/WARN]: :>  
[05:35:41] [main/WARN]: :>  - BungeeCord: 1.20-R0.3-SNAPSHOT:eda268b:1797
[05:35:41] [main/WARN]: :>  - Waterfall: 1.20-R0.2-SNAPSHOT:92b5149:562
[05:35:41] [main/WARN]: :>  - FlameCord: 1.1.1
[05:35:41] [main/WARN]: :>  
[05:35:41] [main/WARN]: :>  This is not a Bukkit/Spigot plugin!
[05:35:41] [main/WARN]: :>  
[05:35:41] [main/WARN]: :>  Use "-Deaglerxbungee.stfu=true" to hide
[05:35:41] [main/WARN]: :>  
[05:35:41] [main/WARN]: :>:>:>:>:>:>:>:>:>:>:>:>:>:>:>:>:>:>:>:>:>:>:>
[05:35:41] [main/INFO] [EaglercraftXBungee]: Loading vanilla profile: lax1dude
[05:35:42] [Skin Download Thread #1/INFO] [EaglercraftXBungee]: Loaded vanilla profile: lax1dude
[05:35:42] [main/INFO]: Loaded plugin EaglercraftXBungee version 1.0.10 by lax1dude
[05:35:42] [main/WARN]: Forced host server pvp is not defined
[05:35:42] [main/INFO]: Enabled plugin reconnect_yaml version git:reconnect_yaml:1.19-R0.1-SNAPSHOT:f6069e2:513 by WaterfallMC
[05:35:42] [main/INFO]: Enabled plugin cmd_find version git:cmd_find:1.19-R0.1-SNAPSHOT:f6069e2:513 by WaterfallMC
[05:35:42] [main/INFO]: Enabled plugin cmd_server version git:cmd_server:1.19-R0.1-SNAPSHOT:f6069e2:513 by WaterfallMC
[05:35:42] [main/INFO]: Enabled plugin cmd_alert version git:cmd_alert:1.19-R0.1-SNAPSHOT:f6069e2:513 by WaterfallMC
[05:35:42] [main/INFO]: Enabled plugin cmd_send version git:cmd_send:1.19-R0.1-SNAPSHOT:f6069e2:513 by WaterfallMC
[05:35:42] [main/INFO]: Enabled plugin cmd_list version git:cmd_list:1.19-R0.1-SNAPSHOT:f6069e2:513 by WaterfallMC
[05:35:42] [main/ERROR] [EaglercraftXBungee]: Online mode is set to false! Authentication system has been disabled
[05:35:42] [Netty Worker IO Thread #0/INFO] [EaglercraftXBungee]: Eaglercraft is listening on: /0.0.0.0:8081
[05:35:42] [main/INFO] [EaglercraftXBungee]: Downloading from maven: https://repo1.maven.org/maven2/org/xerial/sqlite-jdbc/3.45.0.0/sqlite-jdbc-3.45.0.0.jar
[05:35:42] [EaglerXBungee: Network Tick Tasks/INFO] [EaglercraftXBungee]: Downloading new certificate: https://eaglercraft.com/backup.cert
[05:35:43] [EaglerXBungee: Network Tick Tasks/INFO] [EaglercraftXBungee]: Loaded certificate: /workspaces/server-test/bungee/plugins/EaglercraftXBungee/eagcert/$dl.24a1bafc15c675276968d78cdcb55a04992bddb0.cert
[05:35:44] [main/INFO] [EaglercraftXBungee]: Connected to database: jdbc:sqlite:eaglercraft_skins_cache.db
[05:35:44] [main/INFO]: Enabled plugin EaglercraftXBungee version 1.0.10 by lax1dude
[05:35:44] [Netty Boss IO Thread #0/INFO]: Listening on /127.0.0.1:25577
[05:38:12] [Netty Worker IO Thread #0/INFO] [EaglercraftXBungee]: [/[0:0:0:0:0:0:0:1%0]:42990]: Connected via websocket
[05:38:12] [Netty Worker IO Thread #0/INFO] [EaglercraftXBungee]: [/[0:0:0:0:0:0:0:1%0]:42990]: Origin header is https://eaglercraftx.pages.dev
[05:38:12] [Netty Worker IO Thread #0/INFO] [EaglercraftXBungee]: [/[0:0:0:0:0:0:0:1%0]:42990]: Logged in as 'ViggYeeish411'
[05:38:12] [Netty Worker IO Thread #0/INFO]: [/[0:0:0:0:0:0:0:1%0]:42990|ViggYeeish411] -> UpstreamBridge has connected
[05:38:12] [Netty Worker IO Thread #0/INFO]: [ViggYeeish411|/[0:0:0:0:0:0:0:1%0]:42990] <-> ServerConnector [lobby] has connected
[06:03:17] [Netty Worker IO Thread #0/INFO]: [/[0:0:0:0:0:0:0:1%0]:42990|ViggYeeish411] -> UpstreamBridge has disconnected
[06:03:17] [Netty Worker IO Thread #0/INFO]: [ViggYeeish411] disconnected with: Proxy lost connection to server.
[06:03:17] [Netty Worker IO Thread #0/INFO]: [/[0:0:0:0:0:0:0:1%0]:42990|ViggYeeish411] <-> DownstreamBridge <-> [lobby] has disconnected
[06:04:28] [Shutdown Thread/INFO]: Closing listener [id: 0xdf526621, L:/127.0.0.1:25577]
[06:04:28] [Shutdown Thread/INFO]: Closing pending connections
[06:04:28] [Shutdown Thread/INFO]: Disconnecting 0 connections
[06:04:28] [Shutdown Thread/INFO]: Disabling plugins
[06:04:28] [Shutdown Thread/INFO] [EaglercraftXBungee]: Eaglercraft listener closed: /0.0.0.0:8081
[06:04:28] [Shutdown Thread/INFO] [EaglercraftXBungee]: Successfully disconnected from database 'jdbc:sqlite:eaglercraft_skins_cache.db'
[06:04:28] [Shutdown Thread/INFO] [EaglercraftXBungee]: Stopping skin cache HTTP client...
[06:04:30] [Shutdown Thread/INFO]: Closing IO threads
[06:04:32] [Shutdown Thread/INFO]: Thank you and goodbye
